<?xml version="1.0" encoding="utf-8"?><testsuites name="pytest tests"><testsuite name="pytest" errors="0" failures="0" skipped="0" tests="19" time="3.936" timestamp="2026-04-29T12:08:21.863641+00:00" hostname="agent-env-7d5f5275-3564-42fd-a63d-b95ada7c21ec"><testcase classname="backend.tests.test_auth_tickets_reader.TestAuth" name="test_register_returns_user_and_token" time="0.526" /><testcase classname="backend.tests.test_auth_tickets_reader.TestAuth" name="test_register_duplicate_email_400" time="0.052" /><testcase classname="backend.tests.test_auth_tickets_reader.TestAuth" name="test_login_correct" time="0.270" /><testcase classname="backend.tests.test_auth_tickets_reader.TestAuth" name="test_login_wrong_password_401" time="0.296" /><testcase classname="backend.tests.test_auth_tickets_reader.TestAuth" name="test_me_with_token" time="0.046" /><testcase classname="backend.tests.test_auth_tickets_reader.TestAuth" name="test_me_without_token_401" time="0.151" /><testcase classname="backend.tests.test_auth_tickets_reader.TestAuth" name="test_admin_login" time="0.270" /><testcase classname="backend.tests.test_auth_tickets_reader.TestTickets" name="test_create_requires_auth" time="0.140" /><testcase classname="backend.tests.test_auth_tickets_reader.TestTickets" name="test_invalid_category_400" time="0.047" /><testcase classname="backend.tests.test_auth_tickets_reader.TestTickets" name="test_create_ticket_with_auto_response" time="0.061" /><testcase classname="backend.tests.test_auth_tickets_reader.TestTickets" name="test_list_returns_only_own" time="0.047" /><testcase classname="backend.tests.test_auth_tickets_reader.TestTickets" name="test_get_owned_ticket" time="0.046" /><testcase classname="backend.tests.test_auth_tickets_reader.TestTickets" name="test_get_other_user_ticket_403" time="0.582" /><testcase classname="backend.tests.test_auth_tickets_reader.TestTickets" name="test_post_message_updates_status" time="0.050" /><testcase classname="backend.tests.test_auth_tickets_reader.TestReader" name="test_unknown_order_404" time="0.100" /><testcase classname="backend.tests.test_auth_tickets_reader.TestReader" name="test_unpaid_order_403" time="0.320" /><testcase classname="backend.tests.test_auth_tickets_reader.TestReader" name="test_paid_book_returns_chapters" time="0.206" /><testcase classname="backend.tests.test_auth_tickets_reader.TestReader" name="test_product_not_in_order_403" time="0.221" /><testcase classname="backend.tests.test_auth_tickets_reader.TestReader" name="test_audiobook_returns_tracks" time="0.418" /></testsuite></testsuites>