<?xml version="1.0" encoding="utf-8"?><testsuites name="pytest tests"><testsuite name="pytest" errors="0" failures="0" skipped="0" tests="18" time="1.405" timestamp="2026-04-29T11:42:44.293299+00:00" hostname="agent-env-7d5f5275-3564-42fd-a63d-b95ada7c21ec"><testcase classname="backend.tests.test_streamkart" name="test_root" time="0.305" /><testcase classname="backend.tests.test_streamkart" name="test_list_products" time="0.056" /><testcase classname="backend.tests.test_streamkart" name="test_filter_category[book-24]" time="0.051" /><testcase classname="backend.tests.test_streamkart" name="test_filter_category[audiobook-10]" time="0.048" /><testcase classname="backend.tests.test_streamkart" name="test_filter_category_news_empty" time="0.048" /><testcase classname="backend.tests.test_streamkart" name="test_search" time="0.050" /><testcase classname="backend.tests.test_streamkart" name="test_featured_filter" time="0.044" /><testcase classname="backend.tests.test_streamkart" name="test_get_product_by_id" time="0.044" /><testcase classname="backend.tests.test_streamkart" name="test_get_product_404" time="0.046" /><testcase classname="backend.tests.test_streamkart" name="test_categories" time="0.046" /><testcase classname="backend.tests.test_streamkart" name="test_get_product_inr_price" time="0.046" /><testcase classname="backend.tests.test_streamkart" name="test_authors" time="0.045" /><testcase classname="backend.tests.test_streamkart" name="test_create_order_razorpay" time="0.053" /><testcase classname="backend.tests.test_streamkart" name="test_create_order_cashfree" time="0.045" /><testcase classname="backend.tests.test_streamkart" name="test_empty_cart_rejected" time="0.042" /><testcase classname="backend.tests.test_streamkart" name="test_full_payment_flow" time="0.140" /><testcase classname="backend.tests.test_streamkart" name="test_verify_unknown_order" time="0.044" /><testcase classname="backend.tests.test_streamkart" name="test_get_order_404" time="0.076" /></testsuite></testsuites>