<?xml version="1.0" encoding="utf-8"?><testsuites name="pytest tests"><testsuite name="pytest" errors="0" failures="0" skipped="0" tests="17" time="1.224" timestamp="2026-04-29T11:21:05.302157+00:00" hostname="agent-env-7d5f5275-3564-42fd-a63d-b95ada7c21ec"><testcase classname="backend.tests.test_streamkart" name="test_root" time="0.256" /><testcase classname="backend.tests.test_streamkart" name="test_list_products" time="0.049" /><testcase classname="backend.tests.test_streamkart" name="test_filter_category[book-10]" time="0.045" /><testcase classname="backend.tests.test_streamkart" name="test_filter_category[audiobook-8]" time="0.044" /><testcase classname="backend.tests.test_streamkart" name="test_filter_category[news-6]" time="0.049" /><testcase classname="backend.tests.test_streamkart" name="test_search" time="0.044" /><testcase classname="backend.tests.test_streamkart" name="test_featured_filter" time="0.043" /><testcase classname="backend.tests.test_streamkart" name="test_get_product_by_id" time="0.045" /><testcase classname="backend.tests.test_streamkart" name="test_get_product_404" time="0.044" /><testcase classname="backend.tests.test_streamkart" name="test_categories" time="0.043" /><testcase classname="backend.tests.test_streamkart" name="test_authors" time="0.043" /><testcase classname="backend.tests.test_streamkart" name="test_create_order_razorpay" time="0.058" /><testcase classname="backend.tests.test_streamkart" name="test_create_order_cashfree" time="0.047" /><testcase classname="backend.tests.test_streamkart" name="test_empty_cart_rejected" time="0.042" /><testcase classname="backend.tests.test_streamkart" name="test_full_payment_flow" time="0.143" /><testcase classname="backend.tests.test_streamkart" name="test_verify_unknown_order" time="0.043" /><testcase classname="backend.tests.test_streamkart" name="test_get_order_404" time="0.047" /></testsuite></testsuites>